# JRE version: OpenJDK Runtime Environment (8.0_242-b01) (build 1.8.0_242-release-1644-b01)
# Java VM: OpenJDK 64-Bit Server VM (25.242-b01 mixed mode windows-amd64 compressed oops)
Heap:
 PSYoungGen      total 181760K, used 105495K [0x00000000e0000000, 0x00000000ec380000, 0x0000000100000000)
  eden space 163328K, 64% used [0x00000000e0000000,0x00000000e6705eb0,0x00000000e9f80000)
  from space 18432K, 0% used [0x00000000e9f80000,0x00000000e9f80000,0x00000000eb180000)
  to   space 17920K, 0% used [0x00000000eb180000,0x00000000eb180000,0x00000000ec300000)
 ParOldGen       total 93696K, used 36995K [0x00000000a0000000, 0x00000000a5b80000, 0x00000000e0000000)
  object space 93696K, 39% used [0x00000000a0000000,0x00000000a2420f88,0x00000000a5b80000)
 Metaspace       used 60945K, capacity 63388K, committed 63656K, reserved 1103872K
  class space    used 8358K, capacity 9025K, committed 9128K, reserved 1048576K
GC Heap History (10 events):
Event: 7.527 GC heap before
{Heap before GC invocations=12 (full 2):
 PSYoungGen      total 109568K, used 97280K [0x00000000e0000000, 0x00000000e9800000, 0x0000000100000000)
  eden space 97280K, 100% used [0x00000000e0000000,0x00000000e5f00000,0x00000000e5f00000)
  from space 12288K, 0% used [0x00000000e5f00000,0x00000000e5f00000,0x00000000e6b00000)
  to   space 13312K, 0% used [0x00000000e8b00000,0x00000000e8b00000,0x00000000e9800000)
 ParOldGen       total 93696K, used 18430K [0x00000000a0000000, 0x00000000a5b80000, 0x00000000e0000000)
  object space 93696K, 19% used [0x00000000a0000000,0x00000000a11ff8c8,0x00000000a5b80000)
 Metaspace       used 44266K, capacity 45286K, committed 45736K, reserved 1089536K
  class space    used 5916K, capacity 6213K, committed 6312K, reserved 1048576K
Event: 7.546 GC heap after
Heap after GC invocations=12 (full 2):
 PSYoungGen      total 140288K, used 13299K [0x00000000e0000000, 0x00000000e9a00000, 0x0000000100000000)
  eden space 126976K, 0% used [0x00000000e0000000,0x00000000e0000000,0x00000000e7c00000)
  from space 13312K, 99% used [0x00000000e8b00000,0x00000000e97fcf20,0x00000000e9800000)
  to   space 15360K, 0% used [0x00000000e7c00000,0x00000000e7c00000,0x00000000e8b00000)
 ParOldGen       total 93696K, used 18702K [0x00000000a0000000, 0x00000000a5b80000, 0x00000000e0000000)
  object space 93696K, 19% used [0x00000000a0000000,0x00000000a1243a30,0x00000000a5b80000)
 Metaspace       used 44266K, capacity 45286K, committed 45736K, reserved 1089536K
  class space    used 5916K, capacity 6213K, committed 6312K, reserved 1048576K
}
Event: 8.828 GC heap before
{Heap before GC invocations=13 (full 2):
 PSYoungGen      total 140288K, used 140275K [0x00000000e0000000, 0x00000000e9a00000, 0x0000000100000000)
  eden space 126976K, 100% used [0x00000000e0000000,0x00000000e7c00000,0x00000000e7c00000)
  from space 13312K, 99% used [0x00000000e8b00000,0x00000000e97fcf20,0x00000000e9800000)
  to   space 15360K, 0% used [0x00000000e7c00000,0x00000000e7c00000,0x00000000e8b00000)
 ParOldGen       total 93696K, used 18702K [0x00000000a0000000, 0x00000000a5b80000, 0x00000000e0000000)
  object space 93696K, 19% used [0x00000000a0000000,0x00000000a1243a30,0x00000000a5b80000)
 Metaspace       used 50946K, capacity 52406K, committed 52648K, reserved 1095680K
  class space    used 6875K, capacity 7307K, committed 7336K, reserved 1048576K
Event: 8.843 GC heap after
Heap after GC invocations=13 (full 2):
 PSYoungGen      total 142336K, used 15355K [0x00000000e0000000, 0x00000000ec300000, 0x0000000100000000)
  eden space 126976K, 0% used [0x00000000e0000000,0x00000000e0000000,0x00000000e7c00000)
  from space 15360K, 99% used [0x00000000e7c00000,0x00000000e8afec78,0x00000000e8b00000)
  to   space 17920K, 0% used [0x00000000eb180000,0x00000000eb180000,0x00000000ec300000)
 ParOldGen       total 93696K, used 21193K [0x00000000a0000000, 0x00000000a5b80000, 0x00000000e0000000)
  object space 93696K, 22% used [0x00000000a0000000,0x00000000a14b2730,0x00000000a5b80000)
 Metaspace       used 50946K, capacity 52406K, committed 52648K, reserved 1095680K
  class space    used 6875K, capacity 7307K, committed 7336K, reserved 1048576K
}
Event: 10.878 GC heap before
{Heap before GC invocations=14 (full 2):
 PSYoungGen      total 142336K, used 142331K [0x00000000e0000000, 0x00000000ec300000, 0x0000000100000000)
  eden space 126976K, 100% used [0x00000000e0000000,0x00000000e7c00000,0x00000000e7c00000)
  from space 15360K, 99% used [0x00000000e7c00000,0x00000000e8afec78,0x00000000e8b00000)
  to   space 17920K, 0% used [0x00000000eb180000,0x00000000eb180000,0x00000000ec300000)
 ParOldGen       total 93696K, used 21193K [0x00000000a0000000, 0x00000000a5b80000, 0x00000000e0000000)
  object space 93696K, 22% used [0x00000000a0000000,0x00000000a14b2730,0x00000000a5b80000)
 Metaspace       used 56808K, capacity 58846K, committed 59048K, reserved 1099776K
  class space    used 7720K, capacity 8258K, committed 8360K, reserved 1048576K
Event: 10.910 GC heap after
Heap after GC invocations=14 (full 2):
 PSYoungGen      total 181248K, used 12957K [0x00000000e0000000, 0x00000000ec380000, 0x0000000100000000)
  eden space 163328K, 0% used [0x00000000e0000000,0x00000000e0000000,0x00000000e9f80000)
  from space 17920K, 72% used [0x00000000eb180000,0x00000000ebe27470,0x00000000ec300000)
  to   space 18432K, 0% used [0x00000000e9f80000,0x00000000e9f80000,0x00000000eb180000)
 ParOldGen       total 93696K, used 33758K [0x00000000a0000000, 0x00000000a5b80000, 0x00000000e0000000)
  object space 93696K, 36% used [0x00000000a0000000,0x00000000a20f7800,0x00000000a5b80000)
 Metaspace       used 56808K, capacity 58846K, committed 59048K, reserved 1099776K
  class space    used 7720K, capacity 8258K, committed 8360K, reserved 1048576K
}
Event: 10.972 GC heap before
{Heap before GC invocations=15 (full 2):
 PSYoungGen      total 181248K, used 22559K [0x00000000e0000000, 0x00000000ec380000, 0x0000000100000000)
  eden space 163328K, 5% used [0x00000000e0000000,0x00000000e09609d8,0x00000000e9f80000)
  from space 17920K, 72% used [0x00000000eb180000,0x00000000ebe27470,0x00000000ec300000)
  to   space 18432K, 0% used [0x00000000e9f80000,0x00000000e9f80000,0x00000000eb180000)
 ParOldGen       total 93696K, used 33758K [0x00000000a0000000, 0x00000000a5b80000, 0x00000000e0000000)
  object space 93696K, 36% used [0x00000000a0000000,0x00000000a20f7800,0x00000000a5b80000)
 Metaspace       used 57078K, capacity 59100K, committed 59160K, reserved 1099776K
  class space    used 7779K, capacity 8340K, committed 8360K, reserved 1048576K
Event: 10.984 GC heap after
Heap after GC invocations=15 (full 2):
 PSYoungGen      total 181760K, used 9784K [0x00000000e0000000, 0x00000000ec380000, 0x0000000100000000)
  eden space 163328K, 0% used [0x00000000e0000000,0x00000000e0000000,0x00000000e9f80000)
  from space 18432K, 53% used [0x00000000e9f80000,0x00000000ea90e020,0x00000000eb180000)
  to   space 17920K, 0% used [0x00000000eb180000,0x00000000eb180000,0x00000000ec300000)
 ParOldGen       total 93696K, used 33766K [0x00000000a0000000, 0x00000000a5b80000, 0x00000000e0000000)
  object space 93696K, 36% used [0x00000000a0000000,0x00000000a20f9800,0x00000000a5b80000)
 Metaspace       used 57078K, capacity 59100K, committed 59160K, reserved 1099776K
  class space    used 7779K, capacity 8340K, committed 8360K, reserved 1048576K
}
Event: 10.984 GC heap before
{Heap before GC invocations=16 (full 3):
 PSYoungGen      total 181760K, used 9784K [0x00000000e0000000, 0x00000000ec380000, 0x0000000100000000)
  eden space 163328K, 0% used [0x00000000e0000000,0x00000000e0000000,0x00000000e9f80000)
  from space 18432K, 53% used [0x00000000e9f80000,0x00000000ea90e020,0x00000000eb180000)
  to   space 17920K, 0% used [0x00000000eb180000,0x00000000eb180000,0x00000000ec300000)
 ParOldGen       total 93696K, used 33766K [0x00000000a0000000, 0x00000000a5b80000, 0x00000000e0000000)
  object space 93696K, 36% used [0x00000000a0000000,0x00000000a20f9800,0x00000000a5b80000)
 Metaspace       used 57078K, capacity 59100K, committed 59160K, reserved 1099776K
  class space    used 7779K, capacity 8340K, committed 8360K, reserved 1048576K
Event: 11.289 GC heap after
Heap after GC invocations=16 (full 3):
 PSYoungGen      total 181760K, used 0K [0x00000000e0000000, 0x00000000ec380000, 0x0000000100000000)
  eden space 163328K, 0% used [0x00000000e0000000,0x00000000e0000000,0x00000000e9f80000)
  from space 18432K, 0% used [0x00000000e9f80000,0x00000000e9f80000,0x00000000eb180000)
  to   space 17920K, 0% used [0x00000000eb180000,0x00000000eb180000,0x00000000ec300000)
 ParOldGen       total 93696K, used 36995K [0x00000000a0000000, 0x00000000a5b80000, 0x00000000e0000000)
  object space 93696K, 39% used [0x00000000a0000000,0x00000000a2420f88,0x00000000a5b80000)
 Metaspace       used 57078K, capacity 59100K, committed 59160K, reserved 1099776K
  class space    used 7779K, capacity 8340K, committed 8360K, reserved 1048576K
}

