# JRE version: OpenJDK Runtime Environment (8.0_242-b01) (build 1.8.0_242-release-1644-b01)
# Java VM: OpenJDK 64-Bit Server VM (25.242-b01 mixed mode windows-amd64 compressed oops)
Heap:
 PSYoungGen      total 154112K, used 5589K [0x00000000e0000000, 0x00000000ea880000, 0x0000000100000000)
  eden space 141312K, 3% used [0x00000000e0000000,0x00000000e0575780,0x00000000e8a00000)
  from space 12800K, 0% used [0x00000000e9c00000,0x00000000e9c00000,0x00000000ea880000)
  to   space 14848K, 0% used [0x00000000e8b80000,0x00000000e8b80000,0x00000000e9a00000)
 ParOldGen       total 86528K, used 37843K [0x00000000a0000000, 0x00000000a5480000, 0x00000000e0000000)
  object space 86528K, 43% used [0x00000000a0000000,0x00000000a24f4f20,0x00000000a5480000)
 Metaspace       used 57717K, capacity 59510K, committed 59688K, reserved 1099776K
  class space    used 7904K, capacity 8413K, committed 8496K, reserved 1048576K
GC Heap History (10 events):
Event: 6.492 GC heap before
{Heap before GC invocations=11 (full 2):
 PSYoungGen      total 117760K, used 11019K [0x00000000e0000000, 0x00000000ea880000, 0x0000000100000000)
  eden space 105984K, 0% used [0x00000000e0000000,0x00000000e0000000,0x00000000e6780000)
  from space 11776K, 93% used [0x00000000e6780000,0x00000000e7242ed0,0x00000000e7300000)
  to   space 12800K, 0% used [0x00000000e9c00000,0x00000000e9c00000,0x00000000ea880000)
 ParOldGen       total 58880K, used 9625K [0x00000000a0000000, 0x00000000a3980000, 0x00000000e0000000)
  object space 58880K, 16% used [0x00000000a0000000,0x00000000a0966640,0x00000000a3980000)
 Metaspace       used 34506K, capacity 35396K, committed 35496K, reserved 1079296K
  class space    used 4707K, capacity 4953K, committed 5040K, reserved 1048576K
Event: 6.532 GC heap after
Heap after GC invocations=11 (full 2):
 PSYoungGen      total 117760K, used 0K [0x00000000e0000000, 0x00000000ea880000, 0x0000000100000000)
  eden space 105984K, 0% used [0x00000000e0000000,0x00000000e0000000,0x00000000e6780000)
  from space 11776K, 0% used [0x00000000e6780000,0x00000000e6780000,0x00000000e7300000)
  to   space 12800K, 0% used [0x00000000e9c00000,0x00000000e9c00000,0x00000000ea880000)
 ParOldGen       total 86528K, used 17725K [0x00000000a0000000, 0x00000000a5480000, 0x00000000e0000000)
  object space 86528K, 20% used [0x00000000a0000000,0x00000000a114f510,0x00000000a5480000)
 Metaspace       used 34487K, capacity 35330K, committed 35496K, reserved 1079296K
  class space    used 4701K, capacity 4942K, committed 5040K, reserved 1048576K
}
Event: 7.720 GC heap before
{Heap before GC invocations=12 (full 2):
 PSYoungGen      total 117760K, used 105984K [0x00000000e0000000, 0x00000000ea880000, 0x0000000100000000)
  eden space 105984K, 100% used [0x00000000e0000000,0x00000000e6780000,0x00000000e6780000)
  from space 11776K, 0% used [0x00000000e6780000,0x00000000e6780000,0x00000000e7300000)
  to   space 12800K, 0% used [0x00000000e9c00000,0x00000000e9c00000,0x00000000ea880000)
 ParOldGen       total 86528K, used 17725K [0x00000000a0000000, 0x00000000a5480000, 0x00000000e0000000)
  object space 86528K, 20% used [0x00000000a0000000,0x00000000a114f510,0x00000000a5480000)
 Metaspace       used 44607K, capacity 45580K, committed 45992K, reserved 1089536K
  class space    used 5951K, capacity 6246K, committed 6320K, reserved 1048576K
Event: 7.733 GC heap after
Heap after GC invocations=12 (full 2):
 PSYoungGen      total 154112K, used 12783K [0x00000000e0000000, 0x00000000ea880000, 0x0000000100000000)
  eden space 141312K, 0% used [0x00000000e0000000,0x00000000e0000000,0x00000000e8a00000)
  from space 12800K, 99% used [0x00000000e9c00000,0x00000000ea87bda8,0x00000000ea880000)
  to   space 14848K, 0% used [0x00000000e8b80000,0x00000000e8b80000,0x00000000e9a00000)
 ParOldGen       total 86528K, used 17997K [0x00000000a0000000, 0x00000000a5480000, 0x00000000e0000000)
  object space 86528K, 20% used [0x00000000a0000000,0x00000000a11936a8,0x00000000a5480000)
 Metaspace       used 44607K, capacity 45580K, committed 45992K, reserved 1089536K
  class space    used 5951K, capacity 6246K, committed 6320K, reserved 1048576K
}
Event: 10.312 GC heap before
{Heap before GC invocations=13 (full 2):
 PSYoungGen      total 154112K, used 154095K [0x00000000e0000000, 0x00000000ea880000, 0x0000000100000000)
  eden space 141312K, 100% used [0x00000000e0000000,0x00000000e8a00000,0x00000000e8a00000)
  from space 12800K, 99% used [0x00000000e9c00000,0x00000000ea87bda8,0x00000000ea880000)
  to   space 14848K, 0% used [0x00000000e8b80000,0x00000000e8b80000,0x00000000e9a00000)
 ParOldGen       total 86528K, used 17997K [0x00000000a0000000, 0x00000000a5480000, 0x00000000e0000000)
  object space 86528K, 20% used [0x00000000a0000000,0x00000000a11936a8,0x00000000a5480000)
 Metaspace       used 52436K, capacity 53912K, committed 54184K, reserved 1095680K
  class space    used 7137K, capacity 7549K, committed 7600K, reserved 1048576K
Event: 10.334 GC heap after
Heap after GC invocations=13 (full 2):
 PSYoungGen      total 156160K, used 14264K [0x00000000e0000000, 0x00000000ea880000, 0x0000000100000000)
  eden space 141312K, 0% used [0x00000000e0000000,0x00000000e0000000,0x00000000e8a00000)
  from space 14848K, 96% used [0x00000000e8b80000,0x00000000e996e250,0x00000000e9a00000)
  to   space 12800K, 0% used [0x00000000e9c00000,0x00000000e9c00000,0x00000000ea880000)
 ParOldGen       total 86528K, used 23769K [0x00000000a0000000, 0x00000000a5480000, 0x00000000e0000000)
  object space 86528K, 27% used [0x00000000a0000000,0x00000000a1736710,0x00000000a5480000)
 Metaspace       used 52436K, capacity 53912K, committed 54184K, reserved 1095680K
  class space    used 7137K, capacity 7549K, committed 7600K, reserved 1048576K
}
Event: 12.556 GC heap before
{Heap before GC invocations=14 (full 2):
 PSYoungGen      total 156160K, used 125812K [0x00000000e0000000, 0x00000000ea880000, 0x0000000100000000)
  eden space 141312K, 78% used [0x00000000e0000000,0x00000000e6cef078,0x00000000e8a00000)
  from space 14848K, 96% used [0x00000000e8b80000,0x00000000e996e250,0x00000000e9a00000)
  to   space 12800K, 0% used [0x00000000e9c00000,0x00000000e9c00000,0x00000000ea880000)
 ParOldGen       total 86528K, used 23769K [0x00000000a0000000, 0x00000000a5480000, 0x00000000e0000000)
  object space 86528K, 27% used [0x00000000a0000000,0x00000000a1736710,0x00000000a5480000)
 Metaspace       used 57354K, capacity 59094K, committed 59160K, reserved 1099776K
  class space    used 7822K, capacity 8317K, committed 8368K, reserved 1048576K
Event: 12.581 GC heap after
Heap after GC invocations=14 (full 2):
 PSYoungGen      total 154112K, used 10593K [0x00000000e0000000, 0x00000000ea880000, 0x0000000100000000)
  eden space 141312K, 0% used [0x00000000e0000000,0x00000000e0000000,0x00000000e8a00000)
  from space 12800K, 82% used [0x00000000e9c00000,0x00000000ea6585a8,0x00000000ea880000)
  to   space 14848K, 0% used [0x00000000e8b80000,0x00000000e8b80000,0x00000000e9a00000)
 ParOldGen       total 86528K, used 31614K [0x00000000a0000000, 0x00000000a5480000, 0x00000000e0000000)
  object space 86528K, 36% used [0x00000000a0000000,0x00000000a1edf9e8,0x00000000a5480000)
 Metaspace       used 57354K, capacity 59094K, committed 59160K, reserved 1099776K
  class space    used 7822K, capacity 8317K, committed 8368K, reserved 1048576K
}
Event: 12.581 GC heap before
{Heap before GC invocations=15 (full 3):
 PSYoungGen      total 154112K, used 10593K [0x00000000e0000000, 0x00000000ea880000, 0x0000000100000000)
  eden space 141312K, 0% used [0x00000000e0000000,0x00000000e0000000,0x00000000e8a00000)
  from space 12800K, 82% used [0x00000000e9c00000,0x00000000ea6585a8,0x00000000ea880000)
  to   space 14848K, 0% used [0x00000000e8b80000,0x00000000e8b80000,0x00000000e9a00000)
 ParOldGen       total 86528K, used 31614K [0x00000000a0000000, 0x00000000a5480000, 0x00000000e0000000)
  object space 86528K, 36% used [0x00000000a0000000,0x00000000a1edf9e8,0x00000000a5480000)
 Metaspace       used 57354K, capacity 59094K, committed 59160K, reserved 1099776K
  class space    used 7822K, capacity 8317K, committed 8368K, reserved 1048576K
Event: 13.143 GC heap after
Heap after GC invocations=15 (full 3):
 PSYoungGen      total 154112K, used 0K [0x00000000e0000000, 0x00000000ea880000, 0x0000000100000000)
  eden space 141312K, 0% used [0x00000000e0000000,0x00000000e0000000,0x00000000e8a00000)
  from space 12800K, 0% used [0x00000000e9c00000,0x00000000e9c00000,0x00000000ea880000)
  to   space 14848K, 0% used [0x00000000e8b80000,0x00000000e8b80000,0x00000000e9a00000)
 ParOldGen       total 86528K, used 37843K [0x00000000a0000000, 0x00000000a5480000, 0x00000000e0000000)
  object space 86528K, 43% used [0x00000000a0000000,0x00000000a24f4f20,0x00000000a5480000)
 Metaspace       used 57354K, capacity 59094K, committed 59160K, reserved 1099776K
  class space    used 7822K, capacity 8317K, committed 8368K, reserved 1048576K
}

