# JRE version: OpenJDK Runtime Environment (8.0_242-b01) (build 1.8.0_242-release-1644-b01)
# Java VM: OpenJDK 64-Bit Server VM (25.242-b01 mixed mode windows-amd64 compressed oops)
Heap:
 PSYoungGen      total 188928K, used 127591K [0x00000000e0000000, 0x00000000edc80000, 0x0000000100000000)
  eden space 174080K, 64% used [0x00000000e0000000,0x00000000e6e1a210,0x00000000eaa00000)
  from space 14848K, 99% used [0x00000000ece00000,0x00000000edc7fd38,0x00000000edc80000)
  to   space 24576K, 0% used [0x00000000eac80000,0x00000000eac80000,0x00000000ec480000)
 ParOldGen       total 167424K, used 38532K [0x00000000a0000000, 0x00000000aa380000, 0x00000000e0000000)
  object space 167424K, 23% used [0x00000000a0000000,0x00000000a25a1360,0x00000000aa380000)
 Metaspace       used 67948K, capacity 71128K, committed 71336K, reserved 1110016K
  class space    used 9135K, capacity 9880K, committed 9896K, reserved 1048576K
GC Heap History (10 events):
Event: 8.055 GC heap before
{Heap before GC invocations=11 (full 2):
 PSYoungGen      total 142336K, used 128512K [0x00000000e0000000, 0x00000000ecb00000, 0x0000000100000000)
  eden space 128512K, 100% used [0x00000000e0000000,0x00000000e7d80000,0x00000000e7d80000)
  from space 13824K, 0% used [0x00000000e8b80000,0x00000000e8b80000,0x00000000e9900000)
  to   space 14336K, 0% used [0x00000000e7d80000,0x00000000e7d80000,0x00000000e8b80000)
 ParOldGen       total 109568K, used 16598K [0x00000000a0000000, 0x00000000a6b00000, 0x00000000e0000000)
  object space 109568K, 15% used [0x00000000a0000000,0x00000000a1035b98,0x00000000a6b00000)
 Metaspace       used 46020K, capacity 47106K, committed 47272K, reserved 1089536K
  class space    used 6153K, capacity 6472K, committed 6568K, reserved 1048576K
Event: 8.065 GC heap after
Heap after GC invocations=11 (full 2):
 PSYoungGen      total 142848K, used 14328K [0x00000000e0000000, 0x00000000eb700000, 0x0000000100000000)
  eden space 128512K, 0% used [0x00000000e0000000,0x00000000e0000000,0x00000000e7d80000)
  from space 14336K, 99% used [0x00000000e7d80000,0x00000000e8b7e008,0x00000000e8b80000)
  to   space 16896K, 0% used [0x00000000ea680000,0x00000000ea680000,0x00000000eb700000)
 ParOldGen       total 109568K, used 18497K [0x00000000a0000000, 0x00000000a6b00000, 0x00000000e0000000)
  object space 109568K, 16% used [0x00000000a0000000,0x00000000a1210450,0x00000000a6b00000)
 Metaspace       used 46020K, capacity 47106K, committed 47272K, reserved 1089536K
  class space    used 6153K, capacity 6472K, committed 6568K, reserved 1048576K
}
Event: 9.255 GC heap before
{Heap before GC invocations=12 (full 2):
 PSYoungGen      total 142848K, used 142840K [0x00000000e0000000, 0x00000000eb700000, 0x0000000100000000)
  eden space 128512K, 100% used [0x00000000e0000000,0x00000000e7d80000,0x00000000e7d80000)
  from space 14336K, 99% used [0x00000000e7d80000,0x00000000e8b7e008,0x00000000e8b80000)
  to   space 16896K, 0% used [0x00000000ea680000,0x00000000ea680000,0x00000000eb700000)
 ParOldGen       total 109568K, used 18497K [0x00000000a0000000, 0x00000000a6b00000, 0x00000000e0000000)
  object space 109568K, 16% used [0x00000000a0000000,0x00000000a1210450,0x00000000a6b00000)
 Metaspace       used 53324K, capacity 54920K, committed 55208K, reserved 1097728K
  class space    used 7254K, capacity 7725K, committed 7848K, reserved 1048576K
Event: 9.288 GC heap after
Heap after GC invocations=12 (full 2):
 PSYoungGen      total 166912K, used 16876K [0x00000000e0000000, 0x00000000ec380000, 0x0000000100000000)
  eden space 150016K, 0% used [0x00000000e0000000,0x00000000e0000000,0x00000000e9280000)
  from space 16896K, 99% used [0x00000000ea680000,0x00000000eb6fb180,0x00000000eb700000)
  to   space 20480K, 0% used [0x00000000e9280000,0x00000000e9280000,0x00000000ea680000)
 ParOldGen       total 109568K, used 21495K [0x00000000a0000000, 0x00000000a6b00000, 0x00000000e0000000)
  object space 109568K, 19% used [0x00000000a0000000,0x00000000a14fdca0,0x00000000a6b00000)
 Metaspace       used 53324K, capacity 54920K, committed 55208K, reserved 1097728K
  class space    used 7254K, capacity 7725K, committed 7848K, reserved 1048576K
}
Event: 10.873 GC heap before
{Heap before GC invocations=13 (full 2):
 PSYoungGen      total 166912K, used 120542K [0x00000000e0000000, 0x00000000ec380000, 0x0000000100000000)
  eden space 150016K, 69% used [0x00000000e0000000,0x00000000e653c900,0x00000000e9280000)
  from space 16896K, 99% used [0x00000000ea680000,0x00000000eb6fb180,0x00000000eb700000)
  to   space 20480K, 0% used [0x00000000e9280000,0x00000000e9280000,0x00000000ea680000)
 ParOldGen       total 109568K, used 21495K [0x00000000a0000000, 0x00000000a6b00000, 0x00000000e0000000)
  object space 109568K, 19% used [0x00000000a0000000,0x00000000a14fdca0,0x00000000a6b00000)
 Metaspace       used 57184K, capacity 59112K, committed 59160K, reserved 1099776K
  class space    used 7798K, capacity 8328K, committed 8360K, reserved 1048576K
Event: 10.898 GC heap after
Heap after GC invocations=13 (full 2):
 PSYoungGen      total 170496K, used 20475K [0x00000000e0000000, 0x00000000ee600000, 0x0000000100000000)
  eden space 150016K, 0% used [0x00000000e0000000,0x00000000e0000000,0x00000000e9280000)
  from space 20480K, 99% used [0x00000000e9280000,0x00000000ea67ed78,0x00000000ea680000)
  to   space 24576K, 0% used [0x00000000ece00000,0x00000000ece00000,0x00000000ee600000)
 ParOldGen       total 109568K, used 25217K [0x00000000a0000000, 0x00000000a6b00000, 0x00000000e0000000)
  object space 109568K, 23% used [0x00000000a0000000,0x00000000a18a0670,0x00000000a6b00000)
 Metaspace       used 57184K, capacity 59112K, committed 59160K, reserved 1099776K
  class space    used 7798K, capacity 8328K, committed 8360K, reserved 1048576K
}
Event: 10.898 GC heap before
{Heap before GC invocations=14 (full 3):
 PSYoungGen      total 170496K, used 20475K [0x00000000e0000000, 0x00000000ee600000, 0x0000000100000000)
  eden space 150016K, 0% used [0x00000000e0000000,0x00000000e0000000,0x00000000e9280000)
  from space 20480K, 99% used [0x00000000e9280000,0x00000000ea67ed78,0x00000000ea680000)
  to   space 24576K, 0% used [0x00000000ece00000,0x00000000ece00000,0x00000000ee600000)
 ParOldGen       total 109568K, used 25217K [0x00000000a0000000, 0x00000000a6b00000, 0x00000000e0000000)
  object space 109568K, 23% used [0x00000000a0000000,0x00000000a18a0670,0x00000000a6b00000)
 Metaspace       used 57184K, capacity 59112K, committed 59160K, reserved 1099776K
  class space    used 7798K, capacity 8328K, committed 8360K, reserved 1048576K
Event: 11.169 GC heap after
Heap after GC invocations=14 (full 3):
 PSYoungGen      total 170496K, used 0K [0x00000000e0000000, 0x00000000ee600000, 0x0000000100000000)
  eden space 150016K, 0% used [0x00000000e0000000,0x00000000e0000000,0x00000000e9280000)
  from space 20480K, 0% used [0x00000000e9280000,0x00000000e9280000,0x00000000ea680000)
  to   space 24576K, 0% used [0x00000000ece00000,0x00000000ece00000,0x00000000ee600000)
 ParOldGen       total 167424K, used 38524K [0x00000000a0000000, 0x00000000aa380000, 0x00000000e0000000)
  object space 167424K, 23% used [0x00000000a0000000,0x00000000a259f360,0x00000000aa380000)
 Metaspace       used 57184K, capacity 59112K, committed 59160K, reserved 1099776K
  class space    used 7798K, capacity 8328K, committed 8360K, reserved 1048576K
}
Event: 18.715 GC heap before
{Heap before GC invocations=15 (full 3):
 PSYoungGen      total 170496K, used 150016K [0x00000000e0000000, 0x00000000ee600000, 0x0000000100000000)
  eden space 150016K, 100% used [0x00000000e0000000,0x00000000e9280000,0x00000000e9280000)
  from space 20480K, 0% used [0x00000000e9280000,0x00000000e9280000,0x00000000ea680000)
  to   space 24576K, 0% used [0x00000000ece00000,0x00000000ece00000,0x00000000ee600000)
 ParOldGen       total 167424K, used 38524K [0x00000000a0000000, 0x00000000aa380000, 0x00000000e0000000)
  object space 167424K, 23% used [0x00000000a0000000,0x00000000a259f360,0x00000000aa380000)
 Metaspace       used 63666K, capacity 66566K, committed 66600K, reserved 1105920K
  class space    used 8842K, capacity 9507K, committed 9512K, reserved 1048576K
Event: 18.730 GC heap after
Heap after GC invocations=15 (full 3):
 PSYoungGen      total 188928K, used 14847K [0x00000000e0000000, 0x00000000edc80000, 0x0000000100000000)
  eden space 174080K, 0% used [0x00000000e0000000,0x00000000e0000000,0x00000000eaa00000)
  from space 14848K, 99% used [0x00000000ece00000,0x00000000edc7fd38,0x00000000edc80000)
  to   space 24576K, 0% used [0x00000000eac80000,0x00000000eac80000,0x00000000ec480000)
 ParOldGen       total 167424K, used 38532K [0x00000000a0000000, 0x00000000aa380000, 0x00000000e0000000)
  object space 167424K, 23% used [0x00000000a0000000,0x00000000a25a1360,0x00000000aa380000)
 Metaspace       used 63666K, capacity 66566K, committed 66600K, reserved 1105920K
  class space    used 8842K, capacity 9507K, committed 9512K, reserved 1048576K
}

