# JRE version: OpenJDK Runtime Environment (8.0_242-b01) (build 1.8.0_242-release-1644-b01)
# Java VM: OpenJDK 64-Bit Server VM (25.242-b01 mixed mode windows-amd64 compressed oops)
Heap:
 PSYoungGen      total 283136K, used 58452K [0x00000000e0000000, 0x00000000f3500000, 0x0000000100000000)
  eden space 251392K, 23% used [0x00000000e0000000,0x00000000e3915200,0x00000000ef580000)
  from space 31744K, 0% used [0x00000000f1500000,0x00000000f1500000,0x00000000f3400000)
  to   space 32256K, 0% used [0x00000000ef580000,0x00000000ef580000,0x00000000f1500000)
 ParOldGen       total 282112K, used 32857K [0x00000000a0000000, 0x00000000b1380000, 0x00000000e0000000)
  object space 282112K, 11% used [0x00000000a0000000,0x00000000a20164d0,0x00000000b1380000)
 Metaspace       used 81786K, capacity 84928K, committed 87896K, reserved 1124352K
  class space    used 11087K, capacity 11739K, committed 12416K, reserved 1048576K
GC Heap History (10 events):
Event: 85.113 GC heap before
{Heap before GC invocations=19 (full 3):
 PSYoungGen      total 207872K, used 197897K [0x00000000e0000000, 0x00000000eff80000, 0x0000000100000000)
  eden space 182272K, 99% used [0x00000000e0000000,0x00000000eb19a210,0x00000000eb200000)
  from space 25600K, 62% used [0x00000000eb200000,0x00000000ec1a8548,0x00000000ecb00000)
  to   space 25600K, 0% used [0x00000000ee680000,0x00000000ee680000,0x00000000eff80000)
 ParOldGen       total 147968K, used 72121K [0x00000000a0000000, 0x00000000a9080000, 0x00000000e0000000)
  object space 147968K, 48% used [0x00000000a0000000,0x00000000a466e4a8,0x00000000a9080000)
 Metaspace       used 79330K, capacity 84038K, committed 84312K, reserved 1122304K
  class space    used 11152K, capacity 12116K, committed 12160K, reserved 1048576K
Event: 85.146 GC heap after
Heap after GC invocations=19 (full 3):
 PSYoungGen      total 232448K, used 25227K [0x00000000e0000000, 0x00000000f2600000, 0x0000000100000000)
  eden space 206848K, 0% used [0x00000000e0000000,0x00000000e0000000,0x00000000eca00000)
  from space 25600K, 98% used [0x00000000ee680000,0x00000000eff22f20,0x00000000eff80000)
  to   space 29184K, 0% used [0x00000000eca00000,0x00000000eca00000,0x00000000ee680000)
 ParOldGen       total 147968K, used 120257K [0x00000000a0000000, 0x00000000a9080000, 0x00000000e0000000)
  object space 147968K, 81% used [0x00000000a0000000,0x00000000a7570518,0x00000000a9080000)
 Metaspace       used 79330K, capacity 84038K, committed 84312K, reserved 1122304K
  class space    used 11152K, capacity 12116K, committed 12160K, reserved 1048576K
}
Event: 85.146 GC heap before
{Heap before GC invocations=20 (full 4):
 PSYoungGen      total 232448K, used 25227K [0x00000000e0000000, 0x00000000f2600000, 0x0000000100000000)
  eden space 206848K, 0% used [0x00000000e0000000,0x00000000e0000000,0x00000000eca00000)
  from space 25600K, 98% used [0x00000000ee680000,0x00000000eff22f20,0x00000000eff80000)
  to   space 29184K, 0% used [0x00000000eca00000,0x00000000eca00000,0x00000000ee680000)
 ParOldGen       total 147968K, used 120257K [0x00000000a0000000, 0x00000000a9080000, 0x00000000e0000000)
  object space 147968K, 81% used [0x00000000a0000000,0x00000000a7570518,0x00000000a9080000)
 Metaspace       used 79330K, capacity 84038K, committed 84312K, reserved 1122304K
  class space    used 11152K, capacity 12116K, committed 12160K, reserved 1048576K
Event: 85.449 GC heap after
Heap after GC invocations=20 (full 4):
 PSYoungGen      total 232448K, used 0K [0x00000000e0000000, 0x00000000f2600000, 0x0000000100000000)
  eden space 206848K, 0% used [0x00000000e0000000,0x00000000e0000000,0x00000000eca00000)
  from space 25600K, 0% used [0x00000000ee680000,0x00000000ee680000,0x00000000eff80000)
  to   space 29184K, 0% used [0x00000000eca00000,0x00000000eca00000,0x00000000ee680000)
 ParOldGen       total 282112K, used 124949K [0x00000000a0000000, 0x00000000b1380000, 0x00000000e0000000)
  object space 282112K, 44% used [0x00000000a0000000,0x00000000a7a056c0,0x00000000b1380000)
 Metaspace       used 78723K, capacity 82396K, committed 84312K, reserved 1122304K
  class space    used 10948K, capacity 11759K, committed 12160K, reserved 1048576K
}
Event: 93.207 GC heap before
{Heap before GC invocations=21 (full 4):
 PSYoungGen      total 232448K, used 206848K [0x00000000e0000000, 0x00000000f2600000, 0x0000000100000000)
  eden space 206848K, 100% used [0x00000000e0000000,0x00000000eca00000,0x00000000eca00000)
  from space 25600K, 0% used [0x00000000ee680000,0x00000000ee680000,0x00000000eff80000)
  to   space 29184K, 0% used [0x00000000eca00000,0x00000000eca00000,0x00000000ee680000)
 ParOldGen       total 282112K, used 124953K [0x00000000a0000000, 0x00000000b1380000, 0x00000000e0000000)
  object space 282112K, 44% used [0x00000000a0000000,0x00000000a7a06560,0x00000000b1380000)
 Metaspace       used 79460K, capacity 83184K, committed 84952K, reserved 1122304K
  class space    used 11061K, capacity 11879K, committed 12288K, reserved 1048576K
Event: 93.231 GC heap after
Heap after GC invocations=21 (full 4):
 PSYoungGen      total 236032K, used 25338K [0x00000000e0000000, 0x00000000f3400000, 0x0000000100000000)
  eden space 206848K, 0% used [0x00000000e0000000,0x00000000e0000000,0x00000000eca00000)
  from space 29184K, 86% used [0x00000000eca00000,0x00000000ee2beab8,0x00000000ee680000)
  to   space 31744K, 0% used [0x00000000f1500000,0x00000000f1500000,0x00000000f3400000)
 ParOldGen       total 282112K, used 151585K [0x00000000a0000000, 0x00000000b1380000, 0x00000000e0000000)
  object space 282112K, 53% used [0x00000000a0000000,0x00000000a9408580,0x00000000b1380000)
 Metaspace       used 79460K, capacity 83184K, committed 84952K, reserved 1122304K
  class space    used 11061K, capacity 11879K, committed 12288K, reserved 1048576K
}
Event: 3685.471 GC heap before
{Heap before GC invocations=22 (full 4):
 PSYoungGen      total 236032K, used 99397K [0x00000000e0000000, 0x00000000f3400000, 0x0000000100000000)
  eden space 206848K, 35% used [0x00000000e0000000,0x00000000e4852a58,0x00000000eca00000)
  from space 29184K, 86% used [0x00000000eca00000,0x00000000ee2beab8,0x00000000ee680000)
  to   space 31744K, 0% used [0x00000000f1500000,0x00000000f1500000,0x00000000f3400000)
 ParOldGen       total 282112K, used 151585K [0x00000000a0000000, 0x00000000b1380000, 0x00000000e0000000)
  object space 282112K, 53% used [0x00000000a0000000,0x00000000a9408580,0x00000000b1380000)
 Metaspace       used 82383K, capacity 86166K, committed 87896K, reserved 1124352K
  class space    used 11234K, capacity 12040K, committed 12416K, reserved 1048576K
Event: 3686.349 GC heap after
Heap after GC invocations=22 (full 4):
 PSYoungGen      total 283136K, used 2541K [0x00000000e0000000, 0x00000000f3500000, 0x0000000100000000)
  eden space 251392K, 0% used [0x00000000e0000000,0x00000000e0000000,0x00000000ef580000)
  from space 31744K, 8% used [0x00000000f1500000,0x00000000f177b430,0x00000000f3400000)
  to   space 32256K, 0% used [0x00000000ef580000,0x00000000ef580000,0x00000000f1500000)
 ParOldGen       total 282112K, used 176171K [0x00000000a0000000, 0x00000000b1380000, 0x00000000e0000000)
  object space 282112K, 62% used [0x00000000a0000000,0x00000000aac0ad70,0x00000000b1380000)
 Metaspace       used 82383K, capacity 86166K, committed 87896K, reserved 1124352K
  class space    used 11234K, capacity 12040K, committed 12416K, reserved 1048576K
}
Event: 3686.349 GC heap before
{Heap before GC invocations=23 (full 5):
 PSYoungGen      total 283136K, used 2541K [0x00000000e0000000, 0x00000000f3500000, 0x0000000100000000)
  eden space 251392K, 0% used [0x00000000e0000000,0x00000000e0000000,0x00000000ef580000)
  from space 31744K, 8% used [0x00000000f1500000,0x00000000f177b430,0x00000000f3400000)
  to   space 32256K, 0% used [0x00000000ef580000,0x00000000ef580000,0x00000000f1500000)
 ParOldGen       total 282112K, used 176171K [0x00000000a0000000, 0x00000000b1380000, 0x00000000e0000000)
  object space 282112K, 62% used [0x00000000a0000000,0x00000000aac0ad70,0x00000000b1380000)
 Metaspace       used 82383K, capacity 86166K, committed 87896K, reserved 1124352K
  class space    used 11234K, capacity 12040K, committed 12416K, reserved 1048576K
Event: 3689.225 GC heap after
Heap after GC invocations=23 (full 5):
 PSYoungGen      total 283136K, used 0K [0x00000000e0000000, 0x00000000f3500000, 0x0000000100000000)
  eden space 251392K, 0% used [0x00000000e0000000,0x00000000e0000000,0x00000000ef580000)
  from space 31744K, 0% used [0x00000000f1500000,0x00000000f1500000,0x00000000f3400000)
  to   space 32256K, 0% used [0x00000000ef580000,0x00000000ef580000,0x00000000f1500000)
 ParOldGen       total 282112K, used 32857K [0x00000000a0000000, 0x00000000b1380000, 0x00000000e0000000)
  object space 282112K, 11% used [0x00000000a0000000,0x00000000a20164d0,0x00000000b1380000)
 Metaspace       used 81700K, capacity 84870K, committed 87896K, reserved 1124352K
  class space    used 11075K, capacity 11721K, committed 12416K, reserved 1048576K
}

