# JRE version: OpenJDK Runtime Environment (8.0_242-b01) (build 1.8.0_242-release-1644-b01)
# Java VM: OpenJDK 64-Bit Server VM (25.242-b01 mixed mode windows-amd64 compressed oops)
Heap:
 PSYoungGen      total 178688K, used 135271K [0x00000000e0000000, 0x00000000f0100000, 0x0000000100000000)
  eden space 156160K, 86% used [0x00000000e0000000,0x00000000e8419f20,0x00000000e9880000)
  from space 22528K, 0% used [0x00000000e9880000,0x00000000e9880000,0x00000000eae80000)
  to   space 24064K, 0% used [0x00000000ee980000,0x00000000ee980000,0x00000000f0100000)
 ParOldGen       total 140288K, used 37107K [0x00000000a0000000, 0x00000000a8900000, 0x00000000e0000000)
  object space 140288K, 26% used [0x00000000a0000000,0x00000000a243cff8,0x00000000a8900000)
 Metaspace       used 63546K, capacity 66392K, committed 66600K, reserved 1105920K
  class space    used 8809K, capacity 9472K, committed 9512K, reserved 1048576K
GC Heap History (10 events):
Event: 10.646 GC heap before
{Heap before GC invocations=12 (full 2):
 PSYoungGen      total 108544K, used 96256K [0x00000000e0000000, 0x00000000e9500000, 0x0000000100000000)
  eden space 96256K, 100% used [0x00000000e0000000,0x00000000e5e00000,0x00000000e5e00000)
  from space 12288K, 0% used [0x00000000e5e00000,0x00000000e5e00000,0x00000000e6a00000)
  to   space 13312K, 0% used [0x00000000e8800000,0x00000000e8800000,0x00000000e9500000)
 ParOldGen       total 97280K, used 18134K [0x00000000a0000000, 0x00000000a5f00000, 0x00000000e0000000)
  object space 97280K, 18% used [0x00000000a0000000,0x00000000a11b5bd0,0x00000000a5f00000)
 Metaspace       used 44117K, capacity 45154K, committed 45480K, reserved 1089536K
  class space    used 5908K, capacity 6213K, committed 6312K, reserved 1048576K
Event: 10.664 GC heap after
Heap after GC invocations=12 (full 2):
 PSYoungGen      total 137216K, used 13298K [0x00000000e0000000, 0x00000000e9600000, 0x0000000100000000)
  eden space 123904K, 0% used [0x00000000e0000000,0x00000000e0000000,0x00000000e7900000)
  from space 13312K, 99% used [0x00000000e8800000,0x00000000e94fc8a8,0x00000000e9500000)
  to   space 14848K, 0% used [0x00000000e7900000,0x00000000e7900000,0x00000000e8780000)
 ParOldGen       total 97280K, used 18245K [0x00000000a0000000, 0x00000000a5f00000, 0x00000000e0000000)
  object space 97280K, 18% used [0x00000000a0000000,0x00000000a11d15f0,0x00000000a5f00000)
 Metaspace       used 44117K, capacity 45154K, committed 45480K, reserved 1089536K
  class space    used 5908K, capacity 6213K, committed 6312K, reserved 1048576K
}
Event: 12.684 GC heap before
{Heap before GC invocations=13 (full 2):
 PSYoungGen      total 137216K, used 137202K [0x00000000e0000000, 0x00000000e9600000, 0x0000000100000000)
  eden space 123904K, 100% used [0x00000000e0000000,0x00000000e7900000,0x00000000e7900000)
  from space 13312K, 99% used [0x00000000e8800000,0x00000000e94fc8a8,0x00000000e9500000)
  to   space 14848K, 0% used [0x00000000e7900000,0x00000000e7900000,0x00000000e8780000)
 ParOldGen       total 97280K, used 18245K [0x00000000a0000000, 0x00000000a5f00000, 0x00000000e0000000)
  object space 97280K, 18% used [0x00000000a0000000,0x00000000a11d15f0,0x00000000a5f00000)
 Metaspace       used 50772K, capacity 52202K, committed 52392K, reserved 1093632K
  class space    used 6855K, capacity 7267K, committed 7336K, reserved 1048576K
Event: 12.717 GC heap after
Heap after GC invocations=13 (full 2):
 PSYoungGen      total 138752K, used 14831K [0x00000000e0000000, 0x00000000ec000000, 0x0000000100000000)
  eden space 123904K, 0% used [0x00000000e0000000,0x00000000e0000000,0x00000000e7900000)
  from space 14848K, 99% used [0x00000000e7900000,0x00000000e877bf38,0x00000000e8780000)
  to   space 17920K, 0% used [0x00000000eae80000,0x00000000eae80000,0x00000000ec000000)
 ParOldGen       total 97280K, used 21049K [0x00000000a0000000, 0x00000000a5f00000, 0x00000000e0000000)
  object space 97280K, 21% used [0x00000000a0000000,0x00000000a148e590,0x00000000a5f00000)
 Metaspace       used 50772K, capacity 52202K, committed 52392K, reserved 1093632K
  class space    used 6855K, capacity 7267K, committed 7336K, reserved 1048576K
}
Event: 15.289 GC heap before
{Heap before GC invocations=14 (full 2):
 PSYoungGen      total 138752K, used 138735K [0x00000000e0000000, 0x00000000ec000000, 0x0000000100000000)
  eden space 123904K, 100% used [0x00000000e0000000,0x00000000e7900000,0x00000000e7900000)
  from space 14848K, 99% used [0x00000000e7900000,0x00000000e877bf38,0x00000000e8780000)
  to   space 17920K, 0% used [0x00000000eae80000,0x00000000eae80000,0x00000000ec000000)
 ParOldGen       total 97280K, used 21049K [0x00000000a0000000, 0x00000000a5f00000, 0x00000000e0000000)
  object space 97280K, 21% used [0x00000000a0000000,0x00000000a148e590,0x00000000a5f00000)
 Metaspace       used 56576K, capacity 58452K, committed 58664K, reserved 1099776K
  class space    used 7699K, capacity 8203K, committed 8232K, reserved 1048576K
Event: 15.321 GC heap after
Heap after GC invocations=14 (full 2):
 PSYoungGen      total 174080K, used 17914K [0x00000000e0000000, 0x00000000ec880000, 0x0000000100000000)
  eden space 156160K, 0% used [0x00000000e0000000,0x00000000e0000000,0x00000000e9880000)
  from space 17920K, 99% used [0x00000000eae80000,0x00000000ebffe978,0x00000000ec000000)
  to   space 22528K, 0% used [0x00000000e9880000,0x00000000e9880000,0x00000000eae80000)
 ParOldGen       total 97280K, used 27542K [0x00000000a0000000, 0x00000000a5f00000, 0x00000000e0000000)
  object space 97280K, 28% used [0x00000000a0000000,0x00000000a1ae5848,0x00000000a5f00000)
 Metaspace       used 56576K, capacity 58452K, committed 58664K, reserved 1099776K
  class space    used 7699K, capacity 8203K, committed 8232K, reserved 1048576K
}
Event: 15.633 GC heap before
{Heap before GC invocations=15 (full 2):
 PSYoungGen      total 174080K, used 33106K [0x00000000e0000000, 0x00000000ec880000, 0x0000000100000000)
  eden space 156160K, 9% used [0x00000000e0000000,0x00000000e0ed6040,0x00000000e9880000)
  from space 17920K, 99% used [0x00000000eae80000,0x00000000ebffe978,0x00000000ec000000)
  to   space 22528K, 0% used [0x00000000e9880000,0x00000000e9880000,0x00000000eae80000)
 ParOldGen       total 97280K, used 27542K [0x00000000a0000000, 0x00000000a5f00000, 0x00000000e0000000)
  object space 97280K, 28% used [0x00000000a0000000,0x00000000a1ae5848,0x00000000a5f00000)
 Metaspace       used 57189K, capacity 59086K, committed 59160K, reserved 1099776K
  class space    used 7792K, capacity 8322K, committed 8360K, reserved 1048576K
Event: 15.651 GC heap after
Heap after GC invocations=15 (full 2):
 PSYoungGen      total 178688K, used 16951K [0x00000000e0000000, 0x00000000f0100000, 0x0000000100000000)
  eden space 156160K, 0% used [0x00000000e0000000,0x00000000e0000000,0x00000000e9880000)
  from space 22528K, 75% used [0x00000000e9880000,0x00000000ea90dc90,0x00000000eae80000)
  to   space 24064K, 0% used [0x00000000ee980000,0x00000000ee980000,0x00000000f0100000)
 ParOldGen       total 97280K, used 30924K [0x00000000a0000000, 0x00000000a5f00000, 0x00000000e0000000)
  object space 97280K, 31% used [0x00000000a0000000,0x00000000a1e33350,0x00000000a5f00000)
 Metaspace       used 57189K, capacity 59086K, committed 59160K, reserved 1099776K
  class space    used 7792K, capacity 8322K, committed 8360K, reserved 1048576K
}
Event: 15.651 GC heap before
{Heap before GC invocations=16 (full 3):
 PSYoungGen      total 178688K, used 16951K [0x00000000e0000000, 0x00000000f0100000, 0x0000000100000000)
  eden space 156160K, 0% used [0x00000000e0000000,0x00000000e0000000,0x00000000e9880000)
  from space 22528K, 75% used [0x00000000e9880000,0x00000000ea90dc90,0x00000000eae80000)
  to   space 24064K, 0% used [0x00000000ee980000,0x00000000ee980000,0x00000000f0100000)
 ParOldGen       total 97280K, used 30924K [0x00000000a0000000, 0x00000000a5f00000, 0x00000000e0000000)
  object space 97280K, 31% used [0x00000000a0000000,0x00000000a1e33350,0x00000000a5f00000)
 Metaspace       used 57189K, capacity 59086K, committed 59160K, reserved 1099776K
  class space    used 7792K, capacity 8322K, committed 8360K, reserved 1048576K
Event: 15.930 GC heap after
Heap after GC invocations=16 (full 3):
 PSYoungGen      total 178688K, used 0K [0x00000000e0000000, 0x00000000f0100000, 0x0000000100000000)
  eden space 156160K, 0% used [0x00000000e0000000,0x00000000e0000000,0x00000000e9880000)
  from space 22528K, 0% used [0x00000000e9880000,0x00000000e9880000,0x00000000eae80000)
  to   space 24064K, 0% used [0x00000000ee980000,0x00000000ee980000,0x00000000f0100000)
 ParOldGen       total 140288K, used 37107K [0x00000000a0000000, 0x00000000a8900000, 0x00000000e0000000)
  object space 140288K, 26% used [0x00000000a0000000,0x00000000a243cff8,0x00000000a8900000)
 Metaspace       used 57189K, capacity 59086K, committed 59160K, reserved 1099776K
  class space    used 7792K, capacity 8322K, committed 8360K, reserved 1048576K
}

