# JRE version: OpenJDK Runtime Environment (8.0_242-b01) (build 1.8.0_242-release-1644-b01)
# Java VM: OpenJDK 64-Bit Server VM (25.242-b01 mixed mode windows-amd64 compressed oops)
Heap:
 PSYoungGen      total 178176K, used 152089K [0x00000000e0000000, 0x00000000ee000000, 0x0000000100000000)
  eden space 160256K, 94% used [0x00000000e0000000,0x00000000e94867c8,0x00000000e9c80000)
  from space 17920K, 0% used [0x00000000eb380000,0x00000000eb380000,0x00000000ec500000)
  to   space 23552K, 0% used [0x00000000e9c80000,0x00000000e9c80000,0x00000000eb380000)
 ParOldGen       total 145408K, used 39603K [0x00000000a0000000, 0x00000000a8e00000, 0x00000000e0000000)
  object space 145408K, 27% used [0x00000000a0000000,0x00000000a26acc20,0x00000000a8e00000)
 Metaspace       used 63609K, capacity 66500K, committed 66600K, reserved 1105920K
  class space    used 8836K, capacity 9508K, committed 9512K, reserved 1048576K
GC Heap History (10 events):
Event: 5.631 GC heap before
{Heap before GC invocations=11 (full 2):
 PSYoungGen      total 117248K, used 11331K [0x00000000e0000000, 0x00000000eaa80000, 0x0000000100000000)
  eden space 104960K, 0% used [0x00000000e0000000,0x00000000e0000000,0x00000000e6680000)
  from space 12288K, 92% used [0x00000000e6680000,0x00000000e7190f68,0x00000000e7280000)
  to   space 13312K, 0% used [0x00000000e9d80000,0x00000000e9d80000,0x00000000eaa80000)
 ParOldGen       total 59392K, used 9648K [0x00000000a0000000, 0x00000000a3a00000, 0x00000000e0000000)
  object space 59392K, 16% used [0x00000000a0000000,0x00000000a096c320,0x00000000a3a00000)
 Metaspace       used 34573K, capacity 35446K, committed 35496K, reserved 1079296K
  class space    used 4728K, capacity 4990K, committed 5032K, reserved 1048576K
Event: 5.708 GC heap after
Heap after GC invocations=11 (full 2):
 PSYoungGen      total 117248K, used 0K [0x00000000e0000000, 0x00000000eaa80000, 0x0000000100000000)
  eden space 104960K, 0% used [0x00000000e0000000,0x00000000e0000000,0x00000000e6680000)
  from space 12288K, 0% used [0x00000000e6680000,0x00000000e6680000,0x00000000e7280000)
  to   space 13312K, 0% used [0x00000000e9d80000,0x00000000e9d80000,0x00000000eaa80000)
 ParOldGen       total 92160K, used 18112K [0x00000000a0000000, 0x00000000a5a00000, 0x00000000e0000000)
  object space 92160K, 19% used [0x00000000a0000000,0x00000000a11b03c8,0x00000000a5a00000)
 Metaspace       used 34552K, capacity 35374K, committed 35496K, reserved 1079296K
  class space    used 4721K, capacity 4978K, committed 5032K, reserved 1048576K
}
Event: 6.834 GC heap before
{Heap before GC invocations=12 (full 2):
 PSYoungGen      total 117248K, used 104960K [0x00000000e0000000, 0x00000000eaa80000, 0x0000000100000000)
  eden space 104960K, 100% used [0x00000000e0000000,0x00000000e6680000,0x00000000e6680000)
  from space 12288K, 0% used [0x00000000e6680000,0x00000000e6680000,0x00000000e7280000)
  to   space 13312K, 0% used [0x00000000e9d80000,0x00000000e9d80000,0x00000000eaa80000)
 ParOldGen       total 92160K, used 18112K [0x00000000a0000000, 0x00000000a5a00000, 0x00000000e0000000)
  object space 92160K, 19% used [0x00000000a0000000,0x00000000a11b03c8,0x00000000a5a00000)
 Metaspace       used 44739K, capacity 45786K, committed 45992K, reserved 1089536K
  class space    used 5972K, capacity 6249K, committed 6312K, reserved 1048576K
Event: 6.844 GC heap after
Heap after GC invocations=12 (full 2):
 PSYoungGen      total 145408K, used 12966K [0x00000000e0000000, 0x00000000eaa80000, 0x0000000100000000)
  eden space 132096K, 0% used [0x00000000e0000000,0x00000000e0000000,0x00000000e8100000)
  from space 13312K, 97% used [0x00000000e9d80000,0x00000000eaa29928,0x00000000eaa80000)
  to   space 14848K, 0% used [0x00000000e8d80000,0x00000000e8d80000,0x00000000e9c00000)
 ParOldGen       total 92160K, used 18120K [0x00000000a0000000, 0x00000000a5a00000, 0x00000000e0000000)
  object space 92160K, 19% used [0x00000000a0000000,0x00000000a11b23c8,0x00000000a5a00000)
 Metaspace       used 44739K, capacity 45786K, committed 45992K, reserved 1089536K
  class space    used 5972K, capacity 6249K, committed 6312K, reserved 1048576K
}
Event: 8.387 GC heap before
{Heap before GC invocations=13 (full 2):
 PSYoungGen      total 145408K, used 145062K [0x00000000e0000000, 0x00000000eaa80000, 0x0000000100000000)
  eden space 132096K, 100% used [0x00000000e0000000,0x00000000e8100000,0x00000000e8100000)
  from space 13312K, 97% used [0x00000000e9d80000,0x00000000eaa29928,0x00000000eaa80000)
  to   space 14848K, 0% used [0x00000000e8d80000,0x00000000e8d80000,0x00000000e9c00000)
 ParOldGen       total 92160K, used 18120K [0x00000000a0000000, 0x00000000a5a00000, 0x00000000e0000000)
  object space 92160K, 19% used [0x00000000a0000000,0x00000000a11b23c8,0x00000000a5a00000)
 Metaspace       used 51938K, capacity 53410K, committed 53544K, reserved 1095680K
  class space    used 7043K, capacity 7436K, committed 7464K, reserved 1048576K
Event: 8.409 GC heap after
Heap after GC invocations=13 (full 2):
 PSYoungGen      total 159744K, used 14838K [0x00000000e0000000, 0x00000000ec500000, 0x0000000100000000)
  eden space 144896K, 0% used [0x00000000e0000000,0x00000000e0000000,0x00000000e8d80000)
  from space 14848K, 99% used [0x00000000e8d80000,0x00000000e9bfdbd0,0x00000000e9c00000)
  to   space 17920K, 0% used [0x00000000eb380000,0x00000000eb380000,0x00000000ec500000)
 ParOldGen       total 92160K, used 21987K [0x00000000a0000000, 0x00000000a5a00000, 0x00000000e0000000)
  object space 92160K, 23% used [0x00000000a0000000,0x00000000a1578cf0,0x00000000a5a00000)
 Metaspace       used 51938K, capacity 53410K, committed 53544K, reserved 1095680K
  class space    used 7043K, capacity 7436K, committed 7464K, reserved 1048576K
}
Event: 9.765 GC heap before
{Heap before GC invocations=14 (full 2):
 PSYoungGen      total 159744K, used 135418K [0x00000000e0000000, 0x00000000ec500000, 0x0000000100000000)
  eden space 144896K, 83% used [0x00000000e0000000,0x00000000e75c0d88,0x00000000e8d80000)
  from space 14848K, 99% used [0x00000000e8d80000,0x00000000e9bfdbd0,0x00000000e9c00000)
  to   space 17920K, 0% used [0x00000000eb380000,0x00000000eb380000,0x00000000ec500000)
 ParOldGen       total 92160K, used 21987K [0x00000000a0000000, 0x00000000a5a00000, 0x00000000e0000000)
  object space 92160K, 23% used [0x00000000a0000000,0x00000000a1578cf0,0x00000000a5a00000)
 Metaspace       used 57197K, capacity 59104K, committed 59160K, reserved 1099776K
  class space    used 7795K, capacity 8328K, committed 8360K, reserved 1048576K
Event: 9.787 GC heap after
Heap after GC invocations=14 (full 2):
 PSYoungGen      total 178176K, used 17896K [0x00000000e0000000, 0x00000000ee000000, 0x0000000100000000)
  eden space 160256K, 0% used [0x00000000e0000000,0x00000000e0000000,0x00000000e9c80000)
  from space 17920K, 99% used [0x00000000eb380000,0x00000000ec4fa190,0x00000000ec500000)
  to   space 23552K, 0% used [0x00000000e9c80000,0x00000000e9c80000,0x00000000eb380000)
 ParOldGen       total 92160K, used 29591K [0x00000000a0000000, 0x00000000a5a00000, 0x00000000e0000000)
  object space 92160K, 32% used [0x00000000a0000000,0x00000000a1ce5e90,0x00000000a5a00000)
 Metaspace       used 57197K, capacity 59104K, committed 59160K, reserved 1099776K
  class space    used 7795K, capacity 8328K, committed 8360K, reserved 1048576K
}
Event: 9.787 GC heap before
{Heap before GC invocations=15 (full 3):
 PSYoungGen      total 178176K, used 17896K [0x00000000e0000000, 0x00000000ee000000, 0x0000000100000000)
  eden space 160256K, 0% used [0x00000000e0000000,0x00000000e0000000,0x00000000e9c80000)
  from space 17920K, 99% used [0x00000000eb380000,0x00000000ec4fa190,0x00000000ec500000)
  to   space 23552K, 0% used [0x00000000e9c80000,0x00000000e9c80000,0x00000000eb380000)
 ParOldGen       total 92160K, used 29591K [0x00000000a0000000, 0x00000000a5a00000, 0x00000000e0000000)
  object space 92160K, 32% used [0x00000000a0000000,0x00000000a1ce5e90,0x00000000a5a00000)
 Metaspace       used 57197K, capacity 59104K, committed 59160K, reserved 1099776K
  class space    used 7795K, capacity 8328K, committed 8360K, reserved 1048576K
Event: 10.008 GC heap after
Heap after GC invocations=15 (full 3):
 PSYoungGen      total 178176K, used 0K [0x00000000e0000000, 0x00000000ee000000, 0x0000000100000000)
  eden space 160256K, 0% used [0x00000000e0000000,0x00000000e0000000,0x00000000e9c80000)
  from space 17920K, 0% used [0x00000000eb380000,0x00000000eb380000,0x00000000ec500000)
  to   space 23552K, 0% used [0x00000000e9c80000,0x00000000e9c80000,0x00000000eb380000)
 ParOldGen       total 145408K, used 39603K [0x00000000a0000000, 0x00000000a8e00000, 0x00000000e0000000)
  object space 145408K, 27% used [0x00000000a0000000,0x00000000a26acc20,0x00000000a8e00000)
 Metaspace       used 57197K, capacity 59104K, committed 59160K, reserved 1099776K
  class space    used 7795K, capacity 8328K, committed 8360K, reserved 1048576K
}

