# JRE version: OpenJDK Runtime Environment (8.0_242-b01) (build 1.8.0_242-release-1644-b01)
# Java VM: OpenJDK 64-Bit Server VM (25.242-b01 mixed mode windows-amd64 compressed oops)
Heap:
 PSYoungGen      total 119808K, used 59574K [0x00000000e0000000, 0x00000000e8200000, 0x0000000100000000)
  eden space 107520K, 55% used [0x00000000e0000000,0x00000000e3a2db90,0x00000000e6900000)
  from space 12288K, 0% used [0x00000000e6900000,0x00000000e6900000,0x00000000e7500000)
  to   space 11776K, 0% used [0x00000000e7500000,0x00000000e7500000,0x00000000e8080000)
 ParOldGen       total 58368K, used 18438K [0x00000000a0000000, 0x00000000a3900000, 0x00000000e0000000)
  object space 58368K, 31% used [0x00000000a0000000,0x00000000a1201958,0x00000000a3900000)
 Metaspace       used 42061K, capacity 43120K, committed 43432K, reserved 1087488K
  class space    used 5652K, capacity 5948K, committed 6056K, reserved 1048576K
GC Heap History (10 events):
Event: 3.698 GC heap before
{Heap before GC invocations=7 (full 1):
 PSYoungGen      total 75776K, used 9165K [0x00000000e0000000, 0x00000000e5700000, 0x0000000100000000)
  eden space 65536K, 0% used [0x00000000e0000000,0x00000000e0000000,0x00000000e4000000)
  from space 10240K, 89% used [0x00000000e4b00000,0x00000000e53f34d0,0x00000000e5500000)
  to   space 11264K, 0% used [0x00000000e4000000,0x00000000e4000000,0x00000000e4b00000)
 ParOldGen       total 87552K, used 6715K [0x00000000a0000000, 0x00000000a5580000, 0x00000000e0000000)
  object space 87552K, 7% used [0x00000000a0000000,0x00000000a068efd8,0x00000000a5580000)
 Metaspace       used 20724K, capacity 21046K, committed 21296K, reserved 1067008K
  class space    used 2917K, capacity 3081K, committed 3120K, reserved 1048576K
Event: 3.724 GC heap after
Heap after GC invocations=7 (full 1):
 PSYoungGen      total 75776K, used 0K [0x00000000e0000000, 0x00000000e5700000, 0x0000000100000000)
  eden space 65536K, 0% used [0x00000000e0000000,0x00000000e0000000,0x00000000e4000000)
  from space 10240K, 0% used [0x00000000e4b00000,0x00000000e4b00000,0x00000000e5500000)
  to   space 11264K, 0% used [0x00000000e4000000,0x00000000e4000000,0x00000000e4b00000)
 ParOldGen       total 58368K, used 9587K [0x00000000a0000000, 0x00000000a3900000, 0x00000000e0000000)
  object space 58368K, 16% used [0x00000000a0000000,0x00000000a095ce38,0x00000000a3900000)
 Metaspace       used 20724K, capacity 21046K, committed 21296K, reserved 1067008K
  class space    used 2917K, capacity 3081K, committed 3120K, reserved 1048576K
}
Event: 5.204 GC heap before
{Heap before GC invocations=8 (full 1):
 PSYoungGen      total 75776K, used 65536K [0x00000000e0000000, 0x00000000e5700000, 0x0000000100000000)
  eden space 65536K, 100% used [0x00000000e0000000,0x00000000e4000000,0x00000000e4000000)
  from space 10240K, 0% used [0x00000000e4b00000,0x00000000e4b00000,0x00000000e5500000)
  to   space 11264K, 0% used [0x00000000e4000000,0x00000000e4000000,0x00000000e4b00000)
 ParOldGen       total 58368K, used 9587K [0x00000000a0000000, 0x00000000a3900000, 0x00000000e0000000)
  object space 58368K, 16% used [0x00000000a0000000,0x00000000a095ce38,0x00000000a3900000)
 Metaspace       used 27934K, capacity 28334K, committed 28592K, reserved 1073152K
  class space    used 3814K, capacity 3969K, committed 4016K, reserved 1048576K
Event: 5.216 GC heap after
Heap after GC invocations=8 (full 1):
 PSYoungGen      total 76800K, used 8131K [0x00000000e0000000, 0x00000000e8080000, 0x0000000100000000)
  eden space 65536K, 0% used [0x00000000e0000000,0x00000000e0000000,0x00000000e4000000)
  from space 11264K, 72% used [0x00000000e4000000,0x00000000e47f0ff8,0x00000000e4b00000)
  to   space 11776K, 0% used [0x00000000e7500000,0x00000000e7500000,0x00000000e8080000)
 ParOldGen       total 58368K, used 9595K [0x00000000a0000000, 0x00000000a3900000, 0x00000000e0000000)
  object space 58368K, 16% used [0x00000000a0000000,0x00000000a095ee38,0x00000000a3900000)
 Metaspace       used 27934K, capacity 28334K, committed 28592K, reserved 1073152K
  class space    used 3814K, capacity 3969K, committed 4016K, reserved 1048576K
}
Event: 5.796 GC heap before
{Heap before GC invocations=9 (full 1):
 PSYoungGen      total 76800K, used 73667K [0x00000000e0000000, 0x00000000e8080000, 0x0000000100000000)
  eden space 65536K, 100% used [0x00000000e0000000,0x00000000e4000000,0x00000000e4000000)
  from space 11264K, 72% used [0x00000000e4000000,0x00000000e47f0ff8,0x00000000e4b00000)
  to   space 11776K, 0% used [0x00000000e7500000,0x00000000e7500000,0x00000000e8080000)
 ParOldGen       total 58368K, used 9595K [0x00000000a0000000, 0x00000000a3900000, 0x00000000e0000000)
  object space 58368K, 16% used [0x00000000a0000000,0x00000000a095ee38,0x00000000a3900000)
 Metaspace       used 31279K, capacity 31774K, committed 32176K, reserved 1077248K
  class space    used 4274K, capacity 4430K, committed 4528K, reserved 1048576K
Event: 5.804 GC heap after
Heap after GC invocations=9 (full 1):
 PSYoungGen      total 119296K, used 9040K [0x00000000e0000000, 0x00000000e8200000, 0x0000000100000000)
  eden space 107520K, 0% used [0x00000000e0000000,0x00000000e0000000,0x00000000e6900000)
  from space 11776K, 76% used [0x00000000e7500000,0x00000000e7dd4110,0x00000000e8080000)
  to   space 12288K, 0% used [0x00000000e6900000,0x00000000e6900000,0x00000000e7500000)
 ParOldGen       total 58368K, used 9603K [0x00000000a0000000, 0x00000000a3900000, 0x00000000e0000000)
  object space 58368K, 16% used [0x00000000a0000000,0x00000000a0960e38,0x00000000a3900000)
 Metaspace       used 31279K, capacity 31774K, committed 32176K, reserved 1077248K
  class space    used 4274K, capacity 4430K, committed 4528K, reserved 1048576K
}
Event: 6.730 GC heap before
{Heap before GC invocations=10 (full 1):
 PSYoungGen      total 119296K, used 80938K [0x00000000e0000000, 0x00000000e8200000, 0x0000000100000000)
  eden space 107520K, 66% used [0x00000000e0000000,0x00000000e4636980,0x00000000e6900000)
  from space 11776K, 76% used [0x00000000e7500000,0x00000000e7dd4110,0x00000000e8080000)
  to   space 12288K, 0% used [0x00000000e6900000,0x00000000e6900000,0x00000000e7500000)
 ParOldGen       total 58368K, used 9603K [0x00000000a0000000, 0x00000000a3900000, 0x00000000e0000000)
  object space 58368K, 16% used [0x00000000a0000000,0x00000000a0960e38,0x00000000a3900000)
 Metaspace       used 34544K, capacity 35394K, committed 35496K, reserved 1079296K
  class space    used 4725K, capacity 4992K, committed 5032K, reserved 1048576K
Event: 6.739 GC heap after
Heap after GC invocations=10 (full 1):
 PSYoungGen      total 119808K, used 11676K [0x00000000e0000000, 0x00000000e8200000, 0x0000000100000000)
  eden space 107520K, 0% used [0x00000000e0000000,0x00000000e0000000,0x00000000e6900000)
  from space 12288K, 95% used [0x00000000e6900000,0x00000000e7467120,0x00000000e7500000)
  to   space 11776K, 0% used [0x00000000e7500000,0x00000000e7500000,0x00000000e8080000)
 ParOldGen       total 58368K, used 9611K [0x00000000a0000000, 0x00000000a3900000, 0x00000000e0000000)
  object space 58368K, 16% used [0x00000000a0000000,0x00000000a0962e38,0x00000000a3900000)
 Metaspace       used 34544K, capacity 35394K, committed 35496K, reserved 1079296K
  class space    used 4725K, capacity 4992K, committed 5032K, reserved 1048576K
}
Event: 6.739 GC heap before
{Heap before GC invocations=11 (full 2):
 PSYoungGen      total 119808K, used 11676K [0x00000000e0000000, 0x00000000e8200000, 0x0000000100000000)
  eden space 107520K, 0% used [0x00000000e0000000,0x00000000e0000000,0x00000000e6900000)
  from space 12288K, 95% used [0x00000000e6900000,0x00000000e7467120,0x00000000e7500000)
  to   space 11776K, 0% used [0x00000000e7500000,0x00000000e7500000,0x00000000e8080000)
 ParOldGen       total 58368K, used 9611K [0x00000000a0000000, 0x00000000a3900000, 0x00000000e0000000)
  object space 58368K, 16% used [0x00000000a0000000,0x00000000a0962e38,0x00000000a3900000)
 Metaspace       used 34544K, capacity 35394K, committed 35496K, reserved 1079296K
  class space    used 4725K, capacity 4992K, committed 5032K, reserved 1048576K
Event: 6.779 GC heap after
Heap after GC invocations=11 (full 2):
 PSYoungGen      total 119808K, used 0K [0x00000000e0000000, 0x00000000e8200000, 0x0000000100000000)
  eden space 107520K, 0% used [0x00000000e0000000,0x00000000e0000000,0x00000000e6900000)
  from space 12288K, 0% used [0x00000000e6900000,0x00000000e6900000,0x00000000e7500000)
  to   space 11776K, 0% used [0x00000000e7500000,0x00000000e7500000,0x00000000e8080000)
 ParOldGen       total 58368K, used 18438K [0x00000000a0000000, 0x00000000a3900000, 0x00000000e0000000)
  object space 58368K, 31% used [0x00000000a0000000,0x00000000a1201958,0x00000000a3900000)
 Metaspace       used 34519K, capacity 35310K, committed 35496K, reserved 1079296K
  class space    used 4717K, capacity 4978K, committed 5032K, reserved 1048576K
}

