# JRE version: OpenJDK Runtime Environment (8.0_242-b01) (build 1.8.0_242-release-1644-b01)
# Java VM: OpenJDK 64-Bit Server VM (25.242-b01 mixed mode windows-amd64 compressed oops)
Heap:
 PSYoungGen      total 140288K, used 124132K [0x00000000e0000000, 0x00000000e9a00000, 0x0000000100000000)
  eden space 126976K, 87% used [0x00000000e0000000,0x00000000e6c39a78,0x00000000e7c00000)
  from space 13312K, 99% used [0x00000000e8d00000,0x00000000e99ff780,0x00000000e9a00000)
  to   space 15360K, 0% used [0x00000000e7c00000,0x00000000e7c00000,0x00000000e8b00000)
 ParOldGen       total 95744K, used 18742K [0x00000000a0000000, 0x00000000a5d80000, 0x00000000e0000000)
  object space 95744K, 19% used [0x00000000a0000000,0x00000000a124db28,0x00000000a5d80000)
 Metaspace       used 50050K, capacity 51466K, committed 51752K, reserved 1093632K
  class space    used 6750K, capacity 7171K, committed 7208K, reserved 1048576K
GC Heap History (10 events):
Event: 9.656 GC heap before
{Heap before GC invocations=8 (full 1):
 PSYoungGen      total 75776K, used 65536K [0x00000000e0000000, 0x00000000e5700000, 0x0000000100000000)
  eden space 65536K, 100% used [0x00000000e0000000,0x00000000e4000000,0x00000000e4000000)
  from space 10240K, 0% used [0x00000000e4b00000,0x00000000e4b00000,0x00000000e5500000)
  to   space 11264K, 0% used [0x00000000e4000000,0x00000000e4000000,0x00000000e4b00000)
 ParOldGen       total 62464K, used 9576K [0x00000000a0000000, 0x00000000a3d00000, 0x00000000e0000000)
  object space 62464K, 15% used [0x00000000a0000000,0x00000000a095a3b0,0x00000000a3d00000)
 Metaspace       used 27930K, capacity 28334K, committed 28592K, reserved 1073152K
  class space    used 3810K, capacity 3969K, committed 4016K, reserved 1048576K
Event: 9.667 GC heap after
Heap after GC invocations=8 (full 1):
 PSYoungGen      total 76800K, used 8024K [0x00000000e0000000, 0x00000000e7800000, 0x0000000100000000)
  eden space 65536K, 0% used [0x00000000e0000000,0x00000000e0000000,0x00000000e4000000)
  from space 11264K, 71% used [0x00000000e4000000,0x00000000e47d63c0,0x00000000e4b00000)
  to   space 11776K, 0% used [0x00000000e6c80000,0x00000000e6c80000,0x00000000e7800000)
 ParOldGen       total 62464K, used 9584K [0x00000000a0000000, 0x00000000a3d00000, 0x00000000e0000000)
  object space 62464K, 15% used [0x00000000a0000000,0x00000000a095c3b0,0x00000000a3d00000)
 Metaspace       used 27930K, capacity 28334K, committed 28592K, reserved 1073152K
  class space    used 3810K, capacity 3969K, committed 4016K, reserved 1048576K
}
Event: 11.100 GC heap before
{Heap before GC invocations=9 (full 1):
 PSYoungGen      total 76800K, used 73560K [0x00000000e0000000, 0x00000000e7800000, 0x0000000100000000)
  eden space 65536K, 100% used [0x00000000e0000000,0x00000000e4000000,0x00000000e4000000)
  from space 11264K, 71% used [0x00000000e4000000,0x00000000e47d63c0,0x00000000e4b00000)
  to   space 11776K, 0% used [0x00000000e6c80000,0x00000000e6c80000,0x00000000e7800000)
 ParOldGen       total 62464K, used 9584K [0x00000000a0000000, 0x00000000a3d00000, 0x00000000e0000000)
  object space 62464K, 15% used [0x00000000a0000000,0x00000000a095c3b0,0x00000000a3d00000)
 Metaspace       used 31287K, capacity 31774K, committed 32176K, reserved 1077248K
  class space    used 4274K, capacity 4430K, committed 4528K, reserved 1048576K
Event: 11.126 GC heap after
Heap after GC invocations=9 (full 1):
 PSYoungGen      total 111104K, used 8792K [0x00000000e0000000, 0x00000000e7a00000, 0x0000000100000000)
  eden space 99328K, 0% used [0x00000000e0000000,0x00000000e0000000,0x00000000e6100000)
  from space 11776K, 74% used [0x00000000e6c80000,0x00000000e75160b0,0x00000000e7800000)
  to   space 11776K, 0% used [0x00000000e6100000,0x00000000e6100000,0x00000000e6c80000)
 ParOldGen       total 62464K, used 9592K [0x00000000a0000000, 0x00000000a3d00000, 0x00000000e0000000)
  object space 62464K, 15% used [0x00000000a0000000,0x00000000a095e3b0,0x00000000a3d00000)
 Metaspace       used 31287K, capacity 31774K, committed 32176K, reserved 1077248K
  class space    used 4274K, capacity 4430K, committed 4528K, reserved 1048576K
}
Event: 12.659 GC heap before
{Heap before GC invocations=10 (full 1):
 PSYoungGen      total 111104K, used 81524K [0x00000000e0000000, 0x00000000e7a00000, 0x0000000100000000)
  eden space 99328K, 73% used [0x00000000e0000000,0x00000000e4707260,0x00000000e6100000)
  from space 11776K, 74% used [0x00000000e6c80000,0x00000000e75160b0,0x00000000e7800000)
  to   space 11776K, 0% used [0x00000000e6100000,0x00000000e6100000,0x00000000e6c80000)
 ParOldGen       total 62464K, used 9592K [0x00000000a0000000, 0x00000000a3d00000, 0x00000000e0000000)
  object space 62464K, 15% used [0x00000000a0000000,0x00000000a095e3b0,0x00000000a3d00000)
 Metaspace       used 34611K, capacity 35434K, committed 35496K, reserved 1079296K
  class space    used 4726K, capacity 4988K, committed 5032K, reserved 1048576K
Event: 12.675 GC heap after
Heap after GC invocations=10 (full 1):
 PSYoungGen      total 111104K, used 11397K [0x00000000e0000000, 0x00000000e9a00000, 0x0000000100000000)
  eden space 99328K, 0% used [0x00000000e0000000,0x00000000e0000000,0x00000000e6100000)
  from space 11776K, 96% used [0x00000000e6100000,0x00000000e6c21570,0x00000000e6c80000)
  to   space 13312K, 0% used [0x00000000e8d00000,0x00000000e8d00000,0x00000000e9a00000)
 ParOldGen       total 62464K, used 9600K [0x00000000a0000000, 0x00000000a3d00000, 0x00000000e0000000)
  object space 62464K, 15% used [0x00000000a0000000,0x00000000a09603b0,0x00000000a3d00000)
 Metaspace       used 34611K, capacity 35434K, committed 35496K, reserved 1079296K
  class space    used 4726K, capacity 4988K, committed 5032K, reserved 1048576K
}
Event: 12.675 GC heap before
{Heap before GC invocations=11 (full 2):
 PSYoungGen      total 111104K, used 11397K [0x00000000e0000000, 0x00000000e9a00000, 0x0000000100000000)
  eden space 99328K, 0% used [0x00000000e0000000,0x00000000e0000000,0x00000000e6100000)
  from space 11776K, 96% used [0x00000000e6100000,0x00000000e6c21570,0x00000000e6c80000)
  to   space 13312K, 0% used [0x00000000e8d00000,0x00000000e8d00000,0x00000000e9a00000)
 ParOldGen       total 62464K, used 9600K [0x00000000a0000000, 0x00000000a3d00000, 0x00000000e0000000)
  object space 62464K, 15% used [0x00000000a0000000,0x00000000a09603b0,0x00000000a3d00000)
 Metaspace       used 34611K, capacity 35434K, committed 35496K, reserved 1079296K
  class space    used 4726K, capacity 4988K, committed 5032K, reserved 1048576K
Event: 12.747 GC heap after
Heap after GC invocations=11 (full 2):
 PSYoungGen      total 111104K, used 0K [0x00000000e0000000, 0x00000000e9a00000, 0x0000000100000000)
  eden space 99328K, 0% used [0x00000000e0000000,0x00000000e0000000,0x00000000e6100000)
  from space 11776K, 0% used [0x00000000e6100000,0x00000000e6100000,0x00000000e6c80000)
  to   space 13312K, 0% used [0x00000000e8d00000,0x00000000e8d00000,0x00000000e9a00000)
 ParOldGen       total 95744K, used 18137K [0x00000000a0000000, 0x00000000a5d80000, 0x00000000e0000000)
  object space 95744K, 18% used [0x00000000a0000000,0x00000000a11b66d0,0x00000000a5d80000)
 Metaspace       used 34593K, capacity 35374K, committed 35496K, reserved 1079296K
  class space    used 4720K, capacity 4978K, committed 5032K, reserved 1048576K
}
Event: 16.401 GC heap before
{Heap before GC invocations=12 (full 2):
 PSYoungGen      total 111104K, used 99328K [0x00000000e0000000, 0x00000000e9a00000, 0x0000000100000000)
  eden space 99328K, 100% used [0x00000000e0000000,0x00000000e6100000,0x00000000e6100000)
  from space 11776K, 0% used [0x00000000e6100000,0x00000000e6100000,0x00000000e6c80000)
  to   space 13312K, 0% used [0x00000000e8d00000,0x00000000e8d00000,0x00000000e9a00000)
 ParOldGen       total 95744K, used 18137K [0x00000000a0000000, 0x00000000a5d80000, 0x00000000e0000000)
  object space 95744K, 18% used [0x00000000a0000000,0x00000000a11b66d0,0x00000000a5d80000)
 Metaspace       used 44384K, capacity 45382K, committed 45736K, reserved 1089536K
  class space    used 5929K, capacity 6245K, committed 6312K, reserved 1048576K
Event: 16.423 GC heap after
Heap after GC invocations=12 (full 2):
 PSYoungGen      total 140288K, used 13309K [0x00000000e0000000, 0x00000000e9a00000, 0x0000000100000000)
  eden space 126976K, 0% used [0x00000000e0000000,0x00000000e0000000,0x00000000e7c00000)
  from space 13312K, 99% used [0x00000000e8d00000,0x00000000e99ff780,0x00000000e9a00000)
  to   space 15360K, 0% used [0x00000000e7c00000,0x00000000e7c00000,0x00000000e8b00000)
 ParOldGen       total 95744K, used 18742K [0x00000000a0000000, 0x00000000a5d80000, 0x00000000e0000000)
  object space 95744K, 19% used [0x00000000a0000000,0x00000000a124db28,0x00000000a5d80000)
 Metaspace       used 44384K, capacity 45382K, committed 45736K, reserved 1089536K
  class space    used 5929K, capacity 6245K, committed 6312K, reserved 1048576K
}

